<?xml version="1.0" encoding="UTF-8"?>
<testng-results skipped="0" failed="0" ignored="0" total="1" passed="1">
  <reporter-output>
  </reporter-output>
  <suite name="Default suite" duration-ms="13090" started-at="2019-02-17T20:35:31Z" finished-at="2019-02-17T20:35:44Z">
    <groups>
    </groups>
    <test name="Default test" duration-ms="13090" started-at="2019-02-17T20:35:31Z" finished-at="2019-02-17T20:35:44Z">
      <class name="com.prestashop.tests.Positive">
        <test-method status="PASS" signature="setUp()[pri:0, instance:com.prestashop.tests.Positive@42d80b78]" name="setUp" is-config="true" duration-ms="5392" started-at="2019-02-17T20:35:31Z" finished-at="2019-02-17T20:35:36Z">
          <reporter-output>
          </reporter-output>
        </test-method> <!-- setUp -->
        <test-method status="PASS" signature="Positive()[pri:0, instance:com.prestashop.tests.Positive@42d80b78]" name="Positive" duration-ms="7664" started-at="2019-02-17T20:35:36Z" finished-at="2019-02-17T20:35:44Z">
          <reporter-output>
          </reporter-output>
        </test-method> <!-- Positive -->
        <test-method status="PASS" signature="tearDown()[pri:0, instance:com.prestashop.tests.Positive@42d80b78]" name="tearDown" is-config="true" duration-ms="0" started-at="2019-02-17T20:35:44Z" finished-at="2019-02-17T20:35:44Z">
          <reporter-output>
          </reporter-output>
        </test-method> <!-- tearDown -->
      </class> <!-- com.prestashop.tests.Positive -->
    </test> <!-- Default test -->
  </suite> <!-- Default suite -->
</testng-results>
